
TOP 10 ACADEMIC AFFILIATIONS
================================================================================
Tsinghua U.: 54
INRIA: 50
NIST: 46
Columbia U.: 39
U. of Bremen/TZI: 38
ISI: 35
MIT: 31
UC3M: 31
JHU: 29
UCL: 24

TOP 50 ACADEMIC AFFILIATIONS
================================================================================
Tsinghua U.: 54
INRIA: 50
NIST: 46
Columbia U.: 39
U. of Bremen/TZI: 38
ISI: 35
MIT: 31
UC3M: 31
JHU: 29
UCL: 24
Carnegie Mellon U.: 20
Aalto U.: 20
Technical U. of Catalonia: 18
UCLA: 18
Keio U.: 18
U. of Auckland: 17
U. of Oslo: 16
ETH Zurich: 16
UC Berkeley: 16
Jacobs U.: 15
Stanford U.: 14
U. of Glasgow: 14
Harvard U.: 13
U. of Applied Sciences Hamburg: 13
Yale U.: 12
Washington U.: 12
Cambridge U.: 12
Ecole Polytechnique U.: 11
U. catholique de Louvain: 9
U. of Naples Federico II: 9
U. of Murcia: 9
U. of Patras: 9
U. of Helsinki: 7
U. of Southhampton: 7
AIST: 7
EPFL: 7
Purdue U.: 6
U. of Applied Sciences MÞnster: 6
Boston U.: 6
IMT Atlantique U.: 6
CNRS: 6
U. of New South Wales: 6
U. of Stuttgart: 6
BUPT: 6
U. of Chicago: 5
UC Santa Cruz: 5
Cornell U.: 5
U. of Twente: 5
U. of Surrey: 5
U. of Luxembourg: 5

YEARLY ACADEMIC AFFILIATION PERCENTAGES
================================================================================

2001 total_academic_authors = 26
Tsinghua U.: 0 authors, 0.00%
INRIA: 1 authors, 3.85%
NIST: 0 authors, 0.00%
Columbia U.: 2 authors, 7.69%
U. of Bremen/TZI: 1 authors, 3.85%
ISI: 3 authors, 11.54%
MIT: 2 authors, 7.69%
UC3M: 0 authors, 0.00%
JHU: 0 authors, 0.00%
UCL: 3 authors, 11.54%
Other: 14 authors, 53.85%
Top 10 combined: 12 authors, 46.15%

2002 total_academic_authors = 29
Tsinghua U.: 0 authors, 0.00%
INRIA: 0 authors, 0.00%
NIST: 2 authors, 6.90%
Columbia U.: 2 authors, 6.90%
U. of Bremen/TZI: 3 authors, 10.34%
ISI: 2 authors, 6.90%
MIT: 3 authors, 10.34%
UC3M: 0 authors, 0.00%
JHU: 0 authors, 0.00%
UCL: 0 authors, 0.00%
Other: 17 authors, 58.62%
Top 10 combined: 12 authors, 41.38%

2003 total_academic_authors = 33
Tsinghua U.: 0 authors, 0.00%
INRIA: 1 authors, 3.03%
NIST: 2 authors, 6.06%
Columbia U.: 3 authors, 9.09%
U. of Bremen/TZI: 3 authors, 9.09%
ISI: 3 authors, 9.09%
MIT: 1 authors, 3.03%
UC3M: 0 authors, 0.00%
JHU: 0 authors, 0.00%
UCL: 0 authors, 0.00%
Other: 20 authors, 60.61%
Top 10 combined: 13 authors, 39.39%

2004 total_academic_authors = 37
Tsinghua U.: 0 authors, 0.00%
INRIA: 1 authors, 2.70%
NIST: 1 authors, 2.70%
Columbia U.: 4 authors, 10.81%
U. of Bremen/TZI: 2 authors, 5.41%
ISI: 3 authors, 8.11%
MIT: 0 authors, 0.00%
UC3M: 0 authors, 0.00%
JHU: 2 authors, 5.41%
UCL: 2 authors, 5.41%
Other: 22 authors, 59.46%
Top 10 combined: 15 authors, 40.54%

2005 total_academic_authors = 48
Tsinghua U.: 0 authors, 0.00%
INRIA: 2 authors, 4.17%
NIST: 2 authors, 4.17%
Columbia U.: 2 authors, 4.17%
U. of Bremen/TZI: 1 authors, 2.08%
ISI: 2 authors, 4.17%
MIT: 5 authors, 10.42%
UC3M: 0 authors, 0.00%
JHU: 2 authors, 4.17%
UCL: 1 authors, 2.08%
Other: 31 authors, 64.58%
Top 10 combined: 17 authors, 35.42%

2006 total_academic_authors = 48
Tsinghua U.: 0 authors, 0.00%
INRIA: 0 authors, 0.00%
NIST: 1 authors, 2.08%
Columbia U.: 3 authors, 6.25%
U. of Bremen/TZI: 1 authors, 2.08%
ISI: 1 authors, 2.08%
MIT: 1 authors, 2.08%
UC3M: 1 authors, 2.08%
JHU: 1 authors, 2.08%
UCL: 1 authors, 2.08%
Other: 38 authors, 79.17%
Top 10 combined: 10 authors, 20.83%

2007 total_academic_authors = 43
Tsinghua U.: 0 authors, 0.00%
INRIA: 1 authors, 2.33%
NIST: 1 authors, 2.33%
Columbia U.: 2 authors, 4.65%
U. of Bremen/TZI: 1 authors, 2.33%
ISI: 1 authors, 2.33%
MIT: 1 authors, 2.33%
UC3M: 1 authors, 2.33%
JHU: 1 authors, 2.33%
UCL: 1 authors, 2.33%
Other: 33 authors, 76.74%
Top 10 combined: 10 authors, 23.26%

2008 total_academic_authors = 45
Tsinghua U.: 5 authors, 11.11%
INRIA: 3 authors, 6.67%
NIST: 2 authors, 4.44%
Columbia U.: 1 authors, 2.22%
U. of Bremen/TZI: 1 authors, 2.22%
ISI: 2 authors, 4.44%
MIT: 1 authors, 2.22%
UC3M: 0 authors, 0.00%
JHU: 2 authors, 4.44%
UCL: 2 authors, 4.44%
Other: 26 authors, 57.78%
Top 10 combined: 19 authors, 42.22%

2009 total_academic_authors = 62
Tsinghua U.: 2 authors, 3.23%
INRIA: 5 authors, 8.06%
NIST: 3 authors, 4.84%
Columbia U.: 4 authors, 6.45%
U. of Bremen/TZI: 1 authors, 1.61%
ISI: 3 authors, 4.84%
MIT: 0 authors, 0.00%
UC3M: 1 authors, 1.61%
JHU: 1 authors, 1.61%
UCL: 1 authors, 1.61%
Other: 41 authors, 66.13%
Top 10 combined: 21 authors, 33.87%

2010 total_academic_authors = 57
Tsinghua U.: 5 authors, 8.77%
INRIA: 5 authors, 8.77%
NIST: 3 authors, 5.26%
Columbia U.: 3 authors, 5.26%
U. of Bremen/TZI: 1 authors, 1.75%
ISI: 1 authors, 1.75%
MIT: 0 authors, 0.00%
UC3M: 1 authors, 1.75%
JHU: 4 authors, 7.02%
UCL: 0 authors, 0.00%
Other: 34 authors, 59.65%
Top 10 combined: 23 authors, 40.35%

2011 total_academic_authors = 74
Tsinghua U.: 5 authors, 6.76%
INRIA: 2 authors, 2.70%
NIST: 4 authors, 5.41%
Columbia U.: 3 authors, 4.05%
U. of Bremen/TZI: 2 authors, 2.70%
ISI: 1 authors, 1.35%
MIT: 3 authors, 4.05%
UC3M: 2 authors, 2.70%
JHU: 1 authors, 1.35%
UCL: 4 authors, 5.41%
Other: 47 authors, 63.51%
Top 10 combined: 27 authors, 36.49%

2012 total_academic_authors = 62
Tsinghua U.: 2 authors, 3.23%
INRIA: 2 authors, 3.23%
NIST: 2 authors, 3.23%
Columbia U.: 2 authors, 3.23%
U. of Bremen/TZI: 1 authors, 1.61%
ISI: 0 authors, 0.00%
MIT: 3 authors, 4.84%
UC3M: 2 authors, 3.23%
JHU: 0 authors, 0.00%
UCL: 0 authors, 0.00%
Other: 48 authors, 77.42%
Top 10 combined: 14 authors, 22.58%

2013 total_academic_authors = 43
Tsinghua U.: 4 authors, 9.30%
INRIA: 7 authors, 16.28%
NIST: 2 authors, 4.65%
Columbia U.: 1 authors, 2.33%
U. of Bremen/TZI: 1 authors, 2.33%
ISI: 1 authors, 2.33%
MIT: 0 authors, 0.00%
UC3M: 2 authors, 4.65%
JHU: 1 authors, 2.33%
UCL: 1 authors, 2.33%
Other: 23 authors, 53.49%
Top 10 combined: 20 authors, 46.51%

2014 total_academic_authors = 52
Tsinghua U.: 2 authors, 3.85%
INRIA: 0 authors, 0.00%
NIST: 1 authors, 1.92%
Columbia U.: 4 authors, 7.69%
U. of Bremen/TZI: 2 authors, 3.85%
ISI: 1 authors, 1.92%
MIT: 0 authors, 0.00%
UC3M: 4 authors, 7.69%
JHU: 0 authors, 0.00%
UCL: 0 authors, 0.00%
Other: 38 authors, 73.08%
Top 10 combined: 14 authors, 26.92%

2015 total_academic_authors = 52
Tsinghua U.: 7 authors, 13.46%
INRIA: 3 authors, 5.77%
NIST: 1 authors, 1.92%
Columbia U.: 0 authors, 0.00%
U. of Bremen/TZI: 1 authors, 1.92%
ISI: 2 authors, 3.85%
MIT: 1 authors, 1.92%
UC3M: 2 authors, 3.85%
JHU: 0 authors, 0.00%
UCL: 0 authors, 0.00%
Other: 35 authors, 67.31%
Top 10 combined: 17 authors, 32.69%

2016 total_academic_authors = 74
Tsinghua U.: 7 authors, 9.46%
INRIA: 2 authors, 2.70%
NIST: 2 authors, 2.70%
Columbia U.: 1 authors, 1.35%
U. of Bremen/TZI: 2 authors, 2.70%
ISI: 4 authors, 5.41%
MIT: 2 authors, 2.70%
UC3M: 2 authors, 2.70%
JHU: 1 authors, 1.35%
UCL: 2 authors, 2.70%
Other: 49 authors, 66.22%
Top 10 combined: 25 authors, 33.78%

2017 total_academic_authors = 51
Tsinghua U.: 5 authors, 9.80%
INRIA: 0 authors, 0.00%
NIST: 2 authors, 3.92%
Columbia U.: 0 authors, 0.00%
U. of Bremen/TZI: 1 authors, 1.96%
ISI: 0 authors, 0.00%
MIT: 0 authors, 0.00%
UC3M: 1 authors, 1.96%
JHU: 1 authors, 1.96%
UCL: 0 authors, 0.00%
Other: 41 authors, 80.39%
Top 10 combined: 10 authors, 19.61%

2018 total_academic_authors = 38
Tsinghua U.: 3 authors, 7.89%
INRIA: 2 authors, 5.26%
NIST: 2 authors, 5.26%
Columbia U.: 0 authors, 0.00%
U. of Bremen/TZI: 2 authors, 5.26%
ISI: 0 authors, 0.00%
MIT: 0 authors, 0.00%
UC3M: 1 authors, 2.63%
JHU: 0 authors, 0.00%
UCL: 0 authors, 0.00%
Other: 28 authors, 73.68%
Top 10 combined: 10 authors, 26.32%

2019 total_academic_authors = 39
Tsinghua U.: 6 authors, 15.38%
INRIA: 0 authors, 0.00%
NIST: 2 authors, 5.13%
Columbia U.: 0 authors, 0.00%
U. of Bremen/TZI: 2 authors, 5.13%
ISI: 0 authors, 0.00%
MIT: 5 authors, 12.82%
UC3M: 2 authors, 5.13%
JHU: 0 authors, 0.00%
UCL: 1 authors, 2.56%
Other: 21 authors, 53.85%
Top 10 combined: 18 authors, 46.15%

2020 total_academic_authors = 50
Tsinghua U.: 0 authors, 0.00%
INRIA: 3 authors, 6.00%
NIST: 3 authors, 6.00%
Columbia U.: 1 authors, 2.00%
U. of Bremen/TZI: 1 authors, 2.00%
ISI: 1 authors, 2.00%
MIT: 1 authors, 2.00%
UC3M: 2 authors, 4.00%
JHU: 1 authors, 2.00%
UCL: 1 authors, 2.00%
Other: 36 authors, 72.00%
Top 10 combined: 14 authors, 28.00%

2021 total_academic_authors = 48
Tsinghua U.: 0 authors, 0.00%
INRIA: 2 authors, 4.17%
NIST: 0 authors, 0.00%
Columbia U.: 0 authors, 0.00%
U. of Bremen/TZI: 1 authors, 2.08%
ISI: 1 authors, 2.08%
MIT: 0 authors, 0.00%
UC3M: 1 authors, 2.08%
JHU: 0 authors, 0.00%
UCL: 2 authors, 4.17%
Other: 41 authors, 85.42%
Top 10 combined: 7 authors, 14.58%

2022 total_academic_authors = 38
Tsinghua U.: 0 authors, 0.00%
INRIA: 3 authors, 7.89%
NIST: 0 authors, 0.00%
Columbia U.: 0 authors, 0.00%
U. of Bremen/TZI: 3 authors, 7.89%
ISI: 2 authors, 5.26%
MIT: 0 authors, 0.00%
UC3M: 0 authors, 0.00%
JHU: 5 authors, 13.16%
UCL: 0 authors, 0.00%
Other: 25 authors, 65.79%
Top 10 combined: 13 authors, 34.21%

2023 total_academic_authors = 47
Tsinghua U.: 0 authors, 0.00%
INRIA: 2 authors, 4.26%
NIST: 1 authors, 2.13%
Columbia U.: 1 authors, 2.13%
U. of Bremen/TZI: 2 authors, 4.26%
ISI: 0 authors, 0.00%
MIT: 0 authors, 0.00%
UC3M: 2 authors, 4.26%
JHU: 0 authors, 0.00%
UCL: 0 authors, 0.00%
Other: 39 authors, 82.98%
Top 10 combined: 8 authors, 17.02%

2024 total_academic_authors = 43
Tsinghua U.: 0 authors, 0.00%
INRIA: 2 authors, 4.65%
NIST: 2 authors, 4.65%
Columbia U.: 0 authors, 0.00%
U. of Bremen/TZI: 1 authors, 2.33%
ISI: 0 authors, 0.00%
MIT: 1 authors, 2.33%
UC3M: 1 authors, 2.33%
JHU: 3 authors, 6.98%
UCL: 0 authors, 0.00%
Other: 33 authors, 76.74%
Top 10 combined: 10 authors, 23.26%

2025 total_academic_authors = 41
Tsinghua U.: 1 authors, 2.44%
INRIA: 1 authors, 2.44%
NIST: 5 authors, 12.20%
Columbia U.: 0 authors, 0.00%
U. of Bremen/TZI: 1 authors, 2.44%
ISI: 1 authors, 2.44%
MIT: 1 authors, 2.44%
UC3M: 3 authors, 7.32%
JHU: 3 authors, 7.32%
UCL: 2 authors, 4.88%
Other: 23 authors, 56.10%
Top 10 combined: 18 authors, 43.90%

====================================================================================================
EXACT VALUES FOR PAPER PARAGRAPH
====================================================================================================

Top 10 academic affiliations over full 2001-2025 period:
1. Tsinghua U.: 54 author-year counts
2. INRIA: 50 author-year counts
3. NIST: 46 author-year counts
4. Columbia U.: 39 author-year counts
5. U. of Bremen/TZI: 38 author-year counts
6. ISI: 35 author-year counts
7. MIT: 31 author-year counts
8. UC3M: 31 author-year counts
9. JHU: 29 author-year counts
10. UCL: 24 author-year counts

----------------------------------------------------------------------------------------------------
2020: total academic authors = 50
----------------------------------------------------------------------------------------------------
Tsinghua U.: 0 authors, 0.00%
INRIA: 3 authors, 6.00%
NIST: 3 authors, 6.00%
Columbia U.: 1 authors, 2.00%
U. of Bremen/TZI: 1 authors, 2.00%
ISI: 1 authors, 2.00%
MIT: 1 authors, 2.00%
UC3M: 2 authors, 4.00%
JHU: 1 authors, 2.00%
UCL: 1 authors, 2.00%
Top 10 combined: 14 authors, 28.00%
Other: 36 authors, 72.00%

----------------------------------------------------------------------------------------------------
2021: total academic authors = 48
----------------------------------------------------------------------------------------------------
Tsinghua U.: 0 authors, 0.00%
INRIA: 2 authors, 4.17%
NIST: 0 authors, 0.00%
Columbia U.: 0 authors, 0.00%
U. of Bremen/TZI: 1 authors, 2.08%
ISI: 1 authors, 2.08%
MIT: 0 authors, 0.00%
UC3M: 1 authors, 2.08%
JHU: 0 authors, 0.00%
UCL: 2 authors, 4.17%
Top 10 combined: 7 authors, 14.58%
Other: 41 authors, 85.42%

----------------------------------------------------------------------------------------------------
2022: total academic authors = 38
----------------------------------------------------------------------------------------------------
Tsinghua U.: 0 authors, 0.00%
INRIA: 3 authors, 7.89%
NIST: 0 authors, 0.00%
Columbia U.: 0 authors, 0.00%
U. of Bremen/TZI: 3 authors, 7.89%
ISI: 2 authors, 5.26%
MIT: 0 authors, 0.00%
UC3M: 0 authors, 0.00%
JHU: 5 authors, 13.16%
UCL: 0 authors, 0.00%
Top 10 combined: 13 authors, 34.21%
Other: 25 authors, 65.79%

----------------------------------------------------------------------------------------------------
2023: total academic authors = 47
----------------------------------------------------------------------------------------------------
Tsinghua U.: 0 authors, 0.00%
INRIA: 2 authors, 4.26%
NIST: 1 authors, 2.13%
Columbia U.: 1 authors, 2.13%
U. of Bremen/TZI: 2 authors, 4.26%
ISI: 0 authors, 0.00%
MIT: 0 authors, 0.00%
UC3M: 2 authors, 4.26%
JHU: 0 authors, 0.00%
UCL: 0 authors, 0.00%
Top 10 combined: 8 authors, 17.02%
Other: 39 authors, 82.98%

----------------------------------------------------------------------------------------------------
2024: total academic authors = 43
----------------------------------------------------------------------------------------------------
Tsinghua U.: 0 authors, 0.00%
INRIA: 2 authors, 4.65%
NIST: 2 authors, 4.65%
Columbia U.: 0 authors, 0.00%
U. of Bremen/TZI: 1 authors, 2.33%
ISI: 0 authors, 0.00%
MIT: 1 authors, 2.33%
UC3M: 1 authors, 2.33%
JHU: 3 authors, 6.98%
UCL: 0 authors, 0.00%
Top 10 combined: 10 authors, 23.26%
Other: 33 authors, 76.74%

----------------------------------------------------------------------------------------------------
2025: total academic authors = 41
----------------------------------------------------------------------------------------------------
Tsinghua U.: 1 authors, 2.44%
INRIA: 1 authors, 2.44%
NIST: 5 authors, 12.20%
Columbia U.: 0 authors, 0.00%
U. of Bremen/TZI: 1 authors, 2.44%
ISI: 1 authors, 2.44%
MIT: 1 authors, 2.44%
UC3M: 3 authors, 7.32%
JHU: 3 authors, 7.32%
UCL: 2 authors, 4.88%
Top 10 combined: 18 authors, 43.90%
Other: 23 authors, 56.10%

====================================================================================================
SPECIFIC CLAIM CHECKS
====================================================================================================

MIT
------------------------------------------------------------
2020: 1 authors, 2.00%
2021: 0 authors, 0.00%
2022: 0 authors, 0.00%
2023: 0 authors, 0.00%
2024: 1 authors, 2.33%
2025: 1 authors, 2.44%

Columbia U.
------------------------------------------------------------
2020: 1 authors, 2.00%
2021: 0 authors, 0.00%
2022: 0 authors, 0.00%
2023: 1 authors, 2.13%
2024: 0 authors, 0.00%
2025: 0 authors, 0.00%

ISI
------------------------------------------------------------
2020: 1 authors, 2.00%
2021: 1 authors, 2.08%
2022: 2 authors, 5.26%
2023: 0 authors, 0.00%
2024: 0 authors, 0.00%
2025: 1 authors, 2.44%

UCL
------------------------------------------------------------
2020: 1 authors, 2.00%
2021: 2 authors, 4.17%
2022: 0 authors, 0.00%
2023: 0 authors, 0.00%
2024: 0 authors, 0.00%
2025: 2 authors, 4.88%

Tsinghua U.
------------------------------------------------------------
2020: 0 authors, 0.00%
2021: 0 authors, 0.00%
2022: 0 authors, 0.00%
2023: 0 authors, 0.00%
2024: 0 authors, 0.00%
2025: 1 authors, 2.44%

JHU
------------------------------------------------------------
2020: 1 authors, 2.00%
2021: 0 authors, 0.00%
2022: 5 authors, 13.16%
2023: 0 authors, 0.00%
2024: 3 authors, 6.98%
2025: 3 authors, 7.32%

====================================================================================================
TOP 10 ACADEMIC AFFILIATIONS USING DATA ONLY UNTIL 2020
====================================================================================================
1. Tsinghua U.: 53 author-year counts
2. INRIA: 40 author-year counts
3. Columbia U.: 38 author-year counts
4. NIST: 38 author-year counts
5. ISI: 31 author-year counts
6. U. of Bremen/TZI: 30 author-year counts
7. MIT: 29 author-year counts
8. UC3M: 24 author-year counts
9. UCL: 20 author-year counts
10. JHU: 18 author-year counts

Top 10 until 2020 but NOT in full 2001-2025 top 10:

Full 2001-2025 top 10 but NOT in top 10 until 2020:

Saved: top_10_academic_affiliations_2001_2025.png
