
KEY AFFILIATION CHECK
================================================================================

Year 2020, total affiliation entries = 585
Cisco Systems: 11.79%
Huawei Technologies: 7.01%
Microsoft Corporation: 2.05%
Ericsson: 3.42%
Juniper Networks: 3.93%
Google: 4.44%
Nokia Corporation: 1.37%
Academia: 10.77%
Other: 53.68%
Top 10 affiliations combined: 35.56%
Academia: 10.77%

Year 2021, total affiliation entries = 696
Cisco Systems: 10.78%
Huawei Technologies: 8.62%
Microsoft Corporation: 0.57%
Ericsson: 8.62%
Juniper Networks: 3.30%
Google: 4.31%
Nokia Corporation: 2.16%
Academia: 10.78%
Other: 48.71%
Top 10 affiliations combined: 40.52%
Academia: 10.78%

Year 2022, total affiliation entries = 557
Cisco Systems: 7.90%
Huawei Technologies: 8.62%
Microsoft Corporation: 1.08%
Ericsson: 5.75%
Juniper Networks: 1.80%
Google: 3.95%
Nokia Corporation: 2.51%
Academia: 10.05%
Other: 57.81%
Top 10 affiliations combined: 32.14%
Academia: 10.05%

Year 2023, total affiliation entries = 540
Cisco Systems: 10.74%
Huawei Technologies: 6.85%
Microsoft Corporation: 1.30%
Ericsson: 3.15%
Juniper Networks: 2.78%
Google: 1.85%
Nokia Corporation: 3.33%
Academia: 10.74%
Other: 59.26%
Top 10 affiliations combined: 30.00%
Academia: 10.74%

Year 2024, total affiliation entries = 515
Cisco Systems: 5.83%
Huawei Technologies: 7.57%
Microsoft Corporation: 0.19%
Ericsson: 6.99%
Juniper Networks: 5.44%
Google: 4.27%
Nokia Corporation: 3.30%
Academia: 10.68%
Other: 55.15%
Top 10 affiliations combined: 34.17%
Academia: 10.68%

Year 2025, total affiliation entries = 636
Cisco Systems: 10.53%
Huawei Technologies: 7.39%
Microsoft Corporation: 0.31%
Ericsson: 1.89%
Juniper Networks: 7.70%
Google: 5.03%
Nokia Corporation: 4.40%
Academia: 8.96%
Other: 53.30%
Top 10 affiliations combined: 37.74%
Academia: 8.96%

FULL YEARLY SUMMARY
================================================================================
2001 total= 462 Cisco= 14.07 Huawei= 0.0 Microsoft= 2.38 Ericsson= 1.52 Juniper= 2.6 Google= 0.0 Nokia= 0.87 Top10= 28.14 Academia= 6.93 Other= 64.94
2002 total= 542 Cisco= 9.96 Huawei= 0.0 Microsoft= 2.95 Ericsson= 4.24 Juniper= 0.37 Google= 0.0 Nokia= 2.58 Top10= 27.68 Academia= 7.38 Other= 64.94
2003 total= 533 Cisco= 10.32 Huawei= 0.0 Microsoft= 3.38 Ericsson= 4.88 Juniper= 2.63 Google= 0.0 Nokia= 2.63 Top10= 29.64 Academia= 8.82 Other= 61.54
2004 total= 551 Cisco= 10.53 Huawei= 0.0 Microsoft= 2.9 Ericsson= 4.72 Juniper= 0.36 Google= 0.0 Nokia= 2.72 Top10= 27.4 Academia= 9.62 Other= 62.98
2005 total= 714 Cisco= 12.04 Huawei= 0.0 Microsoft= 4.06 Ericsson= 3.22 Juniper= 2.1 Google= 0.0 Nokia= 2.66 Top10= 29.55 Academia= 9.52 Other= 60.92
2006 total= 959 Cisco= 18.67 Huawei= 0.21 Microsoft= 3.55 Ericsson= 3.86 Juniper= 1.36 Google= 0.31 Nokia= 3.55 Top10= 35.97 Academia= 8.65 Other= 55.37
2007 total= 728 Cisco= 19.23 Huawei= 0.27 Microsoft= 2.06 Ericsson= 4.26 Juniper= 3.3 Google= 0.82 Nokia= 2.2 Top10= 35.71 Academia= 6.87 Other= 57.42
2008 total= 719 Cisco= 12.8 Huawei= 0.7 Microsoft= 2.64 Ericsson= 5.15 Juniper= 2.64 Google= 0.42 Nokia= 6.12 Top10= 33.94 Academia= 7.65 Other= 58.41
2009 total= 673 Cisco= 15.75 Huawei= 2.82 Microsoft= 0.45 Ericsson= 3.57 Juniper= 1.49 Google= 1.04 Nokia= 3.57 Top10= 32.84 Academia= 10.55 Other= 56.61
2010 total= 869 Cisco= 11.74 Huawei= 1.96 Microsoft= 1.38 Ericsson= 4.49 Juniper= 2.88 Google= 0.81 Nokia= 3.45 Top10= 32.22 Academia= 9.44 Other= 58.34
2011 total= 950 Cisco= 16.0 Huawei= 5.16 Microsoft= 0.95 Ericsson= 6.32 Juniper= 2.42 Google= 1.58 Nokia= 2.21 Top10= 39.16 Academia= 10.21 Other= 50.63
2012 total= 887 Cisco= 17.14 Huawei= 6.2 Microsoft= 1.01 Ericsson= 4.51 Juniper= 2.37 Google= 1.13 Nokia= 3.72 Top10= 41.38 Academia= 10.94 Other= 47.69
2013 total= 751 Cisco= 18.77 Huawei= 7.99 Microsoft= 0.93 Ericsson= 2.93 Juniper= 2.53 Google= 2.0 Nokia= 1.33 Top10= 40.21 Academia= 7.59 Other= 52.2
2014 total= 865 Cisco= 14.45 Huawei= 10.29 Microsoft= 1.97 Ericsson= 4.62 Juniper= 1.62 Google= 1.85 Nokia= 0.69 Top10= 40.0 Academia= 8.67 Other= 51.33
2015 total= 866 Cisco= 16.51 Huawei= 7.74 Microsoft= 2.42 Ericsson= 4.73 Juniper= 3.46 Google= 2.89 Nokia= 0.46 Top10= 42.15 Academia= 7.85 Other= 50.0
2016 total= 919 Cisco= 15.78 Huawei= 9.03 Microsoft= 0.87 Ericsson= 4.46 Juniper= 4.46 Google= 3.16 Nokia= 1.52 Top10= 41.02 Academia= 9.25 Other= 49.73
2017 total= 704 Cisco= 12.22 Huawei= 9.09 Microsoft= 2.27 Ericsson= 4.12 Juniper= 4.55 Google= 2.27 Nokia= 1.85 Top10= 38.49 Academia= 10.09 Other= 51.42
2018 total= 643 Cisco= 11.51 Huawei= 12.6 Microsoft= 2.02 Ericsson= 2.64 Juniper= 4.51 Google= 5.29 Nokia= 2.02 Top10= 42.61 Academia= 7.31 Other= 50.08
2019 total= 554 Cisco= 16.79 Huawei= 8.84 Microsoft= 0.9 Ericsson= 2.89 Juniper= 5.78 Google= 1.99 Nokia= 2.71 Top10= 42.24 Academia= 8.48 Other= 49.28
2020 total= 585 Cisco= 11.79 Huawei= 7.01 Microsoft= 2.05 Ericsson= 3.42 Juniper= 3.93 Google= 4.44 Nokia= 1.37 Top10= 35.56 Academia= 10.77 Other= 53.68
2021 total= 696 Cisco= 10.78 Huawei= 8.62 Microsoft= 0.57 Ericsson= 8.62 Juniper= 3.3 Google= 4.31 Nokia= 2.16 Top10= 40.52 Academia= 10.78 Other= 48.71
2022 total= 557 Cisco= 7.9 Huawei= 8.62 Microsoft= 1.08 Ericsson= 5.75 Juniper= 1.8 Google= 3.95 Nokia= 2.51 Top10= 32.14 Academia= 10.05 Other= 57.81
2023 total= 540 Cisco= 10.74 Huawei= 6.85 Microsoft= 1.3 Ericsson= 3.15 Juniper= 2.78 Google= 1.85 Nokia= 3.33 Top10= 30.0 Academia= 10.74 Other= 59.26
2024 total= 515 Cisco= 5.83 Huawei= 7.57 Microsoft= 0.19 Ericsson= 6.99 Juniper= 5.44 Google= 4.27 Nokia= 3.3 Top10= 34.17 Academia= 10.68 Other= 55.15
2025 total= 636 Cisco= 10.53 Huawei= 7.39 Microsoft= 0.31 Ericsson= 1.89 Juniper= 7.7 Google= 5.03 Nokia= 4.4 Top10= 37.74 Academia= 8.96 Other= 53.3

TOP AFFILIATIONS STILL GOING TO OTHER
================================================================================
262 Orange
164 Independent
143 NTT
142 Nortel
119 Unknown
109 IBM
84 Vigilsec
83 CMCC
80 Consultant
75 ICANN
74 Old Dog
72 Verizon
71 Apple Inc.
67 NEC
66 Intel
65 ISC
65 Comcast
64 VeriSign, Inc.
63 Mozilla
60 Motorola
60 BT
57 APNIC
55 Siemens
54 DT
53 VeriSign
50 NSA
44 Avaya
43 Telefonica
43 Samsung
41 Qualcomm
40 VPNC
40 IECA
40 dynamicSoft
39 ETRI
38 Isode Limited
38 NetApp
37 Bell
37 ICSI
37 IAB
36 CableLabs
36 NeuStar
36 BBN Technologies
35 TIM Telecom Italia
35 Cloudflare
34 CNNIC
33 Isode Ltd
32 Apple
32 Brocade
31 LabN Consulting, L.L.C.
30 Dell
